<?xml version="1.0" encoding="utf-8"?>
<CatapultTargetOutput
  GeneratedTarget="/Output/NUpparwad/PDF/PDF.pdf"
  BuildVersion="17.0.7807.15177">
  <Files>
    <Url
      Source="Output/NUpparwad/Temporary/PDF/PDF_28255D51/Resources/Images/chanamasala_ingredients.png" />
    <Url
      Source="Output/NUpparwad/Temporary/PDF/PDF_28255D51/Resources/Images/misalpav_variations.png" />
    <Url
      Source="Output/NUpparwad/Temporary/PDF/PDF_28255D51/Resources/Images/paneerbuttermasala_addwhipingcream.png" />
    <Url
      Source="Output/NUpparwad/Temporary/PDF/PDF_28255D51/Resources/Images/paneerbuttermasala_frygingergarlicpaste.png" />
    <Url
      Source="Output/NUpparwad/Temporary/PDF/PDF_28255D51/Resources/Images/misalpav_variations3.png" />
    <Url
      Source="Output/NUpparwad/Temporary/PDF/PDF_28255D51/Resources/Images/misalpav_variations4.png" />
    <Url
      Source="Output/NUpparwad/Temporary/PDF/PDF_28255D51/Resources/Images/khamandhokla_serve.png" />
    <Url
      Source="Output/NUpparwad/Temporary/PDF/PDF_28255D51/Resources/Images/malaikofta_cornstarch.png" />
    <Url
      Source="Output/NUpparwad/Temporary/PDF/PDF_28255D51/Resources/Images/chickenbiryani_spices mixture.png" />
    <Url
      Source="Output/NUpparwad/Temporary/PDF/PDF_28255D51/Resources/Images/paneerbuttermasala_butter.png" />
    <Url
      Source="Output/NUpparwad/Temporary/PDF/PDF_28255D51/Resources/Images/Minus.png" />
    <Url
      Source="Output/NUpparwad/Temporary/PDF/PDF_28255D51/Resources/Images/butterchicken.png" />
    <Url
      Source="Output/NUpparwad/Temporary/PDF/PDF_28255D51/Resources/Images/chanamasala_powderedspices.png" />
    <Url
      Source="Output/NUpparwad/Temporary/PDF/PDF_28255D51/Resources/Images/koshamangsho.png" />
    <Url
      Source="Output/NUpparwad/Temporary/PDF/PDF_28255D51/Resources/Images/misalpav_sproutbeans.png" />
    <Url
      Source="Output/NUpparwad/Temporary/PDF/PDF_28255D51/Resources/Images/dalbaatichurma_dough.png" />
    <Url
      Source="Output/NUpparwad/Temporary/PDF/PDF_28255D51/Resources/Images/butterchicken_startmakingthesauce_2.png" />
    <Url
      Source="Output/NUpparwad/Temporary/PDF/PDF_28255D51/Resources/Images/khamandhokla_forthybatter.png" />
    <Url
      Source="Output/NUpparwad/Temporary/PDF/PDF_28255D51/Resources/Images/khamandhokla_steampan.png" />
    <Url
      Source="Output/NUpparwad/Temporary/PDF/PDF_28255D51/Resources/Images/malaikofta_gravymethod_3.png" />
    <Url
      Source="Output/NUpparwad/Temporary/PDF/PDF_28255D51/Resources/Images/khamandhokla_batter.png" />
    <Url
      Source="Output/NUpparwad/Temporary/PDF/PDF_28255D51/Resources/Images/butterchicken_startmakingthesauce.png" />
    <Url
      Source="Output/NUpparwad/Temporary/PDF/PDF_28255D51/Resources/Images/paneerbuttermasala_finalgravy.png" />
    <Url
      Source="Output/NUpparwad/Temporary/PDF/PDF_28255D51/Resources/Images/dalbaatichurma_addsalt.png" />
    <Url
      Source="Output/NUpparwad/Temporary/PDF/PDF_28255D51/Resources/Images/koshamangsho_marination.png" />
    <Url
      Source="Output/NUpparwad/Temporary/PDF/PDF_28255D51/Resources/Images/koshamangsho_curry.png" />
    <Url
      Source="Output/NUpparwad/Temporary/PDF/PDF_28255D51/Resources/Images/dalbaatichurma_xmark.png" />
    <Url
      Source="Output/NUpparwad/Temporary/PDF/PDF_28255D51/Resources/Images/chickenbiryani_marinatedchicken.png" />
    <Url
      Source="Output/NUpparwad/Temporary/PDF/PDF_28255D51/Resources/Images/chanamasala.png" />
    <Url
      Source="Output/NUpparwad/Temporary/PDF/PDF_28255D51/Resources/Images/chanamasala_extrabrownedroastedspices.png" />
    <Url
      Source="Output/NUpparwad/Temporary/PDF/PDF_28255D51/Resources/Images/khamandhokla_tempering.png" />
    <Url
      Source="Output/NUpparwad/Temporary/PDF/PDF_28255D51/Resources/Images/paneerbuttermasala_paneercubes.png" />
    <Url
      Source="Output/NUpparwad/Temporary/PDF/PDF_28255D51/Resources/Images/misalpav_ingredients.png" />
    <Url
      Source="Output/NUpparwad/Temporary/PDF/PDF_28255D51/Resources/Images/butterchicken_cookthechicken.png" />
    <Url
      Source="Output/NUpparwad/Temporary/PDF/PDF_28255D51/Resources/Images/misalpav.png" />
    <Url
      Source="Output/NUpparwad/Temporary/PDF/PDF_28255D51/Resources/Images/paneerbuttermasala_addingcashewpaste.png" />
    <Url
      Source="Output/NUpparwad/Temporary/PDF/PDF_28255D51/Resources/Images/roganjosh.png" />
    <Url
      Source="Output/NUpparwad/Temporary/PDF/PDF_28255D51/Resources/Images/chickenbiryani_roit.png" />
    <Url
      Source="Output/NUpparwad/Temporary/PDF/PDF_28255D51/Resources/Images/chickenbiryani_mixspices.png" />
    <Url
      Source="Output/NUpparwad/Temporary/PDF/PDF_28255D51/Resources/Images/chickenbiryani_plate.png" />
    <Url
      Source="Output/NUpparwad/Temporary/PDF/PDF_28255D51/Resources/Images/dalbaatichurma.png" />
    <Url
      Source="Output/NUpparwad/Temporary/PDF/PDF_28255D51/Resources/Images/khamandhokla_laststep.png" />
    <Url
      Source="Output/NUpparwad/Temporary/PDF/PDF_28255D51/Resources/Images/chanamasala_cookedchickpeas.png" />
    <Url
      Source="Output/NUpparwad/Temporary/PDF/PDF_28255D51/Resources/Images/misalpav2.png" />
    <Url
      Source="Output/NUpparwad/Temporary/PDF/PDF_28255D51/Resources/Images/malaikofta.png" />
    <Url
      Source="Output/NUpparwad/Temporary/PDF/PDF_28255D51/Resources/Images/dalbaatichurma_churmaready.png" />
    <Url
      Source="Output/NUpparwad/Temporary/PDF/PDF_28255D51/Resources/Images/khamandhokla.png" />
    <Url
      Source="Output/NUpparwad/Temporary/PDF/PDF_28255D51/Resources/Images/koshamangsha_addchillies.png" />
    <Url
      Source="Output/NUpparwad/Temporary/PDF/PDF_28255D51/Resources/Images/makkidiroti_simmer.png" />
    <Url
      Source="Output/NUpparwad/Temporary/PDF/PDF_28255D51/Resources/Images/butterchicken_finishthedish_2.png" />
    <Url
      Source="Output/NUpparwad/Temporary/PDF/PDF_28255D51/Resources/Images/chanamasala_addwater.png" />
    <Url
      Source="Output/NUpparwad/Temporary/PDF/PDF_28255D51/Resources/Images/dalbaatichurma_appepanmaking.png" />
    <Url
      Source="Output/NUpparwad/Temporary/PDF/PDF_28255D51/Resources/Images/chickenbiryani_boiledwater.png" />
    <Url
      Source="Output/NUpparwad/Temporary/PDF/PDF_28255D51/Resources/Images/khamandhokla_curryleaves.png" />
    <Url
      Source="Output/NUpparwad/Temporary/PDF/PDF_28255D51/Resources/Images/paneerbuttermasala_soakcashew.png" />
    <Url
      Source="Output/NUpparwad/Temporary/PDF/PDF_28255D51/Resources/Images/Hero-Image.png" />
    <Url
      Source="Output/NUpparwad/Temporary/PDF/PDF_28255D51/Resources/Images/khamandhokla_flour.png" />
    <Url
      Source="Output/NUpparwad/Temporary/PDF/PDF_28255D51/Resources/Images/malaikofta_koftamethod.png" />
    <Url
      Source="Output/NUpparwad/Temporary/PDF/PDF_28255D51/Resources/Images/indian-food-watermark-stamp-vector-12717591.jpg" />
    <Url
      Source="Output/NUpparwad/Temporary/PDF/PDF_28255D51/Resources/Images/malaikofta_gravymethod.png" />
    <Url
      Source="Output/NUpparwad/Temporary/PDF/PDF_28255D51/Resources/Images/dalbaatichurma_goldenroast.png" />
    <Url
      Source="Output/NUpparwad/Temporary/PDF/PDF_28255D51/Resources/Images/dalbaatichurmareadytoserve.png" />
    <Url
      Source="Output/NUpparwad/Temporary/PDF/PDF_28255D51/Resources/Images/makkidiroti_brownonions.png" />
    <Url
      Source="Output/NUpparwad/Temporary/PDF/PDF_28255D51/Resources/Images/tandoorichicken_marinade.png" />
    <Url
      Source="Output/NUpparwad/Temporary/PDF/PDF_28255D51/Resources/Images/dalbaatichurma_coriander.png" />
    <Url
      Source="Output/NUpparwad/Temporary/PDF/PDF_28255D51/Resources/Images/dalbaatichurma_batiready.png" />
    <Url
      Source="Output/NUpparwad/Temporary/PDF/PDF_28255D51/Resources/Images/malaikofta_koftamethod_2.png" />
    <Url
      Source="Output/NUpparwad/Temporary/PDF/PDF_28255D51/Resources/Images/khamandhokla_invertthepan.png" />
    <Url
      Source="Output/NUpparwad/Temporary/PDF/PDF_28255D51/Resources/Images/roganjosh_serve.png" />
    <Url
      Source="Output/NUpparwad/Temporary/PDF/PDF_28255D51/Resources/Images/tandoorichicken.png" />
    <Url
      Source="Output/NUpparwad/Temporary/PDF/PDF_28255D51/Resources/Images/Indian Food Theme.jpg" />
    <Url
      Source="Output/NUpparwad/Temporary/PDF/PDF_28255D51/Resources/Images/chickeniryani_refrigrate.png" />
    <Url
      Source="Output/NUpparwad/Temporary/PDF/PDF_28255D51/Resources/Images/specialoccasion.png" />
    <Url
      Source="Output/NUpparwad/Temporary/PDF/PDF_28255D51/Resources/Images/butterchicken_saucewiththenuts.png" />
    <Url
      Source="Output/NUpparwad/Temporary/PDF/PDF_28255D51/Resources/Images/chickenbiryani_secondmariation.png" />
    <Url
      Source="Output/NUpparwad/Temporary/PDF/PDF_28255D51/Resources/Images/chanamasala_chickpeas_pressurecooker.png" />
    <Url
      Source="Output/NUpparwad/Temporary/PDF/PDF_28255D51/Resources/Images/makkidiroti_sasondasaag.png" />
    <Url
      Source="Output/NUpparwad/Temporary/PDF/PDF_28255D51/Resources/Images/khamandhokla_mustardseeds.png" />
    <Url
      Source="Output/NUpparwad/Temporary/PDF/PDF_28255D51/Resources/Images/dalbaatichurma_baaticompleted.png" />
    <Url
      Source="Output/NUpparwad/Temporary/PDF/PDF_28255D51/Resources/Images/butterchicken_ingredients.png" />
    <Url
      Source="Output/NUpparwad/Temporary/PDF/PDF_28255D51/Resources/Images/chanamasala_chickpeasamla.png" />
    <Url
      Source="Output/NUpparwad/Temporary/PDF/PDF_28255D51/Resources/Images/roganjosh_rawmaterial.png" />
    <Url
      Source="Output/NUpparwad/Temporary/PDF/PDF_28255D51/Resources/Images/khamandhokla_fruitsalt.png" />
    <Url
      Source="Output/NUpparwad/Temporary/PDF/PDF_28255D51/Resources/Images/tandoorichicken_marinade_2.png" />
    <Url
      Source="Output/NUpparwad/Temporary/PDF/PDF_28255D51/Resources/Images/paneerbuttermasla_tomatogravy.png" />
    <Url
      Source="Output/NUpparwad/Temporary/PDF/PDF_28255D51/Resources/Images/khamandhokla_greasedkhaman.png" />
    <Url
      Source="Output/NUpparwad/Temporary/PDF/PDF_28255D51/Resources/Images/tandoorichicken_bakeinoven.png" />
    <Url
      Source="Output/NUpparwad/Temporary/PDF/PDF_28255D51/Resources/Images/chickenbiryani_ingredients.png" />
    <Url
      Source="Output/NUpparwad/Temporary/PDF/PDF_28255D51/Resources/Images/tandoorichicken_instatntpot.png" />
    <Url
      Source="Output/NUpparwad/Temporary/PDF/PDF_28255D51/Resources/Images/butterchicken_marination.png" />
    <Url
      Source="Output/NUpparwad/Temporary/PDF/PDF_28255D51/Resources/Images/chickenbiryani_marination.png" />
    <Url
      Source="Output/NUpparwad/Temporary/PDF/PDF_28255D51/Resources/Images/chanamasala_readytoserve.png" />
    <Url
      Source="Output/NUpparwad/Temporary/PDF/PDF_28255D51/Resources/Images/makkidiroti_vegetables.png" />
    <Url
      Source="Output/NUpparwad/Temporary/PDF/PDF_28255D51/Resources/Images/tandoorichuicken_instantpot_3.png" />
    <Url
      Source="Output/NUpparwad/Temporary/PDF/PDF_28255D51/Resources/Images/paneerbuttermasala.png" />
    <Url
      Source="Output/NUpparwad/Temporary/PDF/PDF_28255D51/Resources/Images/dalbaatichurma_flipandcook.png" />
    <Url
      Source="Output/NUpparwad/Temporary/PDF/PDF_28255D51/Resources/Images/tandoorichicken_instantpot_2.png" />
    <Url
      Source="Output/NUpparwad/Temporary/PDF/PDF_28255D51/Resources/Images/dalbaatichurma_mixflour.png" />
    <Url
      Source="Output/NUpparwad/Temporary/PDF/PDF_28255D51/Resources/Images/misalpav_variations2.png" />
    <Url
      Source="Output/NUpparwad/Temporary/PDF/PDF_28255D51/Resources/Images/dalbaatichurma_dalwater.png" />
    <Url
      Source="Output/NUpparwad/Temporary/PDF/PDF_28255D51/Resources/Images/khamandhokla_bakingsoda.png" />
    <Url
      Source="Output/NUpparwad/Temporary/PDF/PDF_28255D51/Resources/Images/paneerbuttermasala_sautecashewpaste.png" />
    <Url
      Source="Output/NUpparwad/Temporary/PDF/PDF_28255D51/Resources/Images/chickenmarination_marination.png" />
    <Url
      Source="Output/NUpparwad/Temporary/PDF/PDF_28255D51/Resources/Images/roganjosh_curry.png" />
    <Url
      Source="Output/NUpparwad/Temporary/PDF/PDF_28255D51/Resources/Images/dalbaatichurma_coarsepowder.png" />
    <Url
      Source="Output/NUpparwad/Temporary/PDF/PDF_28255D51/Resources/Images/makkidiroti_vegies.png" />
    <Url
      Source="Output/NUpparwad/Temporary/PDF/PDF_28255D51/Resources/Images/tandoorichicken_marinade_3.png" />
    <Url
      Source="Output/NUpparwad/Temporary/PDF/PDF_28255D51/Resources/Images/tandoorichicken_gasstove.png" />
    <Url
      Source="Output/NUpparwad/PDF/PDF.pdf" />
    <Url
      Source="Output/NUpparwad/Temporary/PDF/PDF_28255D51/Resources/Images/dalbaatichurma_ghee.png" />
    <Url
      Source="Output/NUpparwad/Temporary/PDF/PDF_28255D51/Resources/Images/khamandhokla_cutthekhaman.png" />
    <Url
      Source="Output/NUpparwad/Temporary/PDF/PDF_28255D51/Resources/Images/koshamangsho_addpotatoes.png" />
    <Url
      Source="Output/NUpparwad/Temporary/PDF/PDF_28255D51/Resources/Images/malaikofta_gravy,ethod_2.png" />
    <Url
      Source="Output/NUpparwad/Temporary/PDF/PDF_28255D51/Resources/Images/misalpav_readytoserve.png" />
    <Url
      Source="Output/NUpparwad/Temporary/PDF/PDF_28255D51/Resources/Images/misalpav_masala.png" />
    <Url
      Source="Output/NUpparwad/Temporary/PDF/PDF_28255D51/Resources/Images/koshamangsho_addpieces.png" />
    <Url
      Source="Output/NUpparwad/Temporary/PDF/PDF_28255D51/Resources/Images/makkidiroti.png" />
    <Url
      Source="Output/NUpparwad/Temporary/PDF/PDF_28255D51/Resources/Images/makkidirotidish.png" />
    <Url
      Source="Output/NUpparwad/Temporary/PDF/PDF_28255D51/Resources/Images/tandoorichicken_airfryer.png" />
    <Url
      Source="Output/NUpparwad/Temporary/PDF/PDF_28255D51/Resources/Images/koshamangsho_friedonions.png" />
    <Url
      Source="Output/NUpparwad/Temporary/PDF/PDF_28255D51/Resources/Images/koshamangsho_ingrdients.png" />
    <Url
      Source="Output/NUpparwad/Temporary/PDF/PDF_28255D51/Resources/Images/paneerbuttermasala_gingergarlicpaste.png" />
    <Url
      Source="Output/NUpparwad/Temporary/PDF/PDF_28255D51/Resources/Images/khamandhokla_gournishing.png" />
    <Url
      Source="Output/NUpparwad/Temporary/PDF/PDF_28255D51/Resources/Images/tandoorichicken_storageandfreezing.png" />
    <Url
      Source="Output/NUpparwad/Temporary/PDF/PDF_28255D51/Resources/Images/indian food new logo.png" />
    <Url
      Source="Output/NUpparwad/Temporary/PDF/PDF_28255D51/Resources/Images/chanamasala_roastedspices.png" />
    <Url
      Source="Output/NUpparwad/Temporary/PDF/PDF_28255D51/Resources/Images/khamandhokla_frysesame.png" />
    <Url
      Source="Output/NUpparwad/Temporary/PDF/PDF_28255D51/Resources/Images/paneerbuttermasala_tomatopury.png" />
    <Url
      Source="Output/NUpparwad/Temporary/PDF/PDF_28255D51/Resources/Images/Plus.png" />
  </Files>
  <Skins />
</CatapultTargetOutput>